[2019-01-03 23:05:14]Текст ошибки:
         | Файл: C:\OSPanel\domains\GoodMade.loc\public\index.php | Строка:9 
============
[2019-01-03 23:05:44]Текст ошибки:
         | Файл: C:\OSPanel\domains\GoodMade.loc\public\index.php | Строка:9 
============
[2019-01-03 23:05:47]Текст ошибки:
         | Файл: C:\OSPanel\domains\GoodMade.loc\public\index.php | Строка:9 
============
[2019-01-03 23:06:15]Текст ошибки:
         | Файл: C:\OSPanel\domains\GoodMade.loc\public\index.php | Строка:9 
============
[2019-01-03 23:06:16]Текст ошибки:
         | Файл: C:\OSPanel\domains\GoodMade.loc\public\index.php | Строка:9 
============
[2019-01-03 23:06:21]Текст ошибки:
         | Файл: C:\OSPanel\domains\GoodMade.loc\public\index.php | Строка:9 
============
[2019-01-03 23:06:22]Текст ошибки:
         | Файл: C:\OSPanel\domains\GoodMade.loc\public\index.php | Строка:9 
============
[2019-01-03 23:06:48]Текст ошибки:
        Страница не найдена | Файл: C:\OSPanel\domains\GoodMade.loc\public\index.php | Строка:9 
============
[2019-01-03 23:07:44]Текст ошибки:
        Страница не найдена | Файл: C:\OSPanel\domains\GoodMade.loc\public\index.php | Строка:9 
============
[2019-01-04 21:57:12]Текст ошибки:
        Страница не найдена | Файл: C:\OSPanel\domains\GoodMade.loc\vendor\goodmade\core\Router.php | Строка:30 
============
[2019-01-04 21:57:23]Текст ошибки:
        Страница не найдена | Файл: C:\OSPanel\domains\GoodMade.loc\vendor\goodmade\core\Router.php | Строка:30 
============
[2019-01-04 21:57:58]Текст ошибки:
        Страница не найдена | Файл: C:\OSPanel\domains\GoodMade.loc\vendor\goodmade\core\Router.php | Строка:30 
============
[2019-01-04 22:20:08]Текст ошибки:
        Страница не найдена | Файл: C:\OSPanel\domains\GoodMade.loc\vendor\goodmade\core\Router.php | Строка:30 
============
[2019-01-08 13:18:30]Текст ошибки:
        Страница не найдена | Файл: C:\OSPanel\domains\GoodMade.loc\vendor\goodmade\core\Router.php | Строка:30 
============
[2019-01-08 20:45:48]Текст ошибки:
        Контроллер app\controllers\PageController не найден | Файл: C:\OSPanel\domains\GoodMade.loc\vendor\goodmade\core\Router.php | Строка:42 
============
[2019-01-08 20:47:23]Текст ошибки:
        Контроллер app\controllers\PageController не найден | Файл: C:\OSPanel\domains\GoodMade.loc\vendor\goodmade\core\Router.php | Строка:42 
============
[2019-01-08 20:47:41]Текст ошибки:
        Контроллер app\controllers\PageController не найден | Файл: C:\OSPanel\domains\GoodMade.loc\vendor\goodmade\core\Router.php | Строка:42 
============
[2019-01-08 20:47:42]Текст ошибки:
        Контроллер app\controllers\PageController не найден | Файл: C:\OSPanel\domains\GoodMade.loc\vendor\goodmade\core\Router.php | Строка:42 
============
[2019-01-08 20:48:09]Текст ошибки:
        Контроллер app\controllers\MainController не найден | Файл: C:\OSPanel\domains\GoodMade.loc\vendor\goodmade\core\Router.php | Строка:42 
============
[2019-01-08 20:55:48]Текст ошибки:
        Контроллер app\controllers\MainController не найден | Файл: C:\OSPanel\domains\GoodMade.loc\vendor\goodmade\core\Router.php | Строка:41 
============
[2019-01-08 20:55:52]Текст ошибки:
        Контроллер app\controllers\MainController не найден | Файл: C:\OSPanel\domains\GoodMade.loc\vendor\goodmade\core\Router.php | Строка:41 
============
[2019-01-08 20:55:58]Текст ошибки:
        Контроллер app\controllers\PageController не найден | Файл: C:\OSPanel\domains\GoodMade.loc\vendor\goodmade\core\Router.php | Строка:41 
============
[2019-01-08 20:58:16]Текст ошибки:
        Контроллер app\controllers\PageController не найден | Файл: C:\OSPanel\domains\GoodMade.loc\vendor\goodmade\core\Router.php | Строка:41 
============
[2019-01-08 20:59:19]Текст ошибки:
        Контроллер app\controllers\PageController не найден | Файл: C:\OSPanel\domains\GoodMade.loc\vendor\goodmade\core\Router.php | Строка:41 
============
[2019-01-08 20:59:19]Текст ошибки:
        Контроллер app\controllers\PageController не найден | Файл: C:\OSPanel\domains\GoodMade.loc\vendor\goodmade\core\Router.php | Строка:41 
============
[2019-01-08 20:59:20]Текст ошибки:
        Контроллер app\controllers\PageController не найден | Файл: C:\OSPanel\domains\GoodMade.loc\vendor\goodmade\core\Router.php | Строка:41 
============
[2019-01-08 21:00:15]Текст ошибки:
        Контроллер app\controllers\PageController не найден | Файл: C:\OSPanel\domains\GoodMade.loc\vendor\goodmade\core\Router.php | Строка:41 
============
[2019-01-08 21:04:21]Текст ошибки:
        Страница не найдена | Файл: C:\OSPanel\domains\GoodMade.loc\vendor\goodmade\core\Router.php | Строка:44 
============
[2019-01-08 21:04:39]Текст ошибки:
        Страница не найдена | Файл: C:\OSPanel\domains\GoodMade.loc\vendor\goodmade\core\Router.php | Строка:44 
============
[2019-01-08 21:31:23]Текст ошибки:
        Страница не найдена | Файл: C:\OSPanel\domains\GoodMade.loc\vendor\goodmade\core\Router.php | Строка:44 
============
[2019-01-08 21:31:49]Текст ошибки:
        Страница не найдена | Файл: C:\OSPanel\domains\GoodMade.loc\vendor\goodmade\core\Router.php | Строка:44 
============
[2019-01-08 21:33:51]Текст ошибки:
        Страница не найдена | Файл: C:\OSPanel\domains\GoodMade.loc\vendor\goodmade\core\Router.php | Строка:44 
============
[2019-01-08 21:41:27]Текст ошибки:
        Контроллер app\controllers\PagrController не найден | Файл: C:\OSPanel\domains\GoodMade.loc\vendor\goodmade\core\Router.php | Строка:41 
============
[2019-01-08 21:41:31]Текст ошибки:
        Контроллер app\controllers\PagrController не найден | Файл: C:\OSPanel\domains\GoodMade.loc\vendor\goodmade\core\Router.php | Строка:41 
============
[2019-01-08 21:42:00]Текст ошибки:
        Контроллер app\controllers\PagrController не найден | Файл: C:\OSPanel\domains\GoodMade.loc\vendor\goodmade\core\Router.php | Строка:41 
============
[2019-01-08 21:42:02]Текст ошибки:
        Контроллер app\controllers\PagrController не найден | Файл: C:\OSPanel\domains\GoodMade.loc\vendor\goodmade\core\Router.php | Строка:41 
============
[2019-01-08 21:42:04]Текст ошибки:
        Контроллер app\controllers\PagrController не найден | Файл: C:\OSPanel\domains\GoodMade.loc\vendor\goodmade\core\Router.php | Строка:41 
============
[2019-01-08 21:42:09]Текст ошибки:
        Контроллер app\controllers\PagrController не найден | Файл: C:\OSPanel\domains\GoodMade.loc\vendor\goodmade\core\Router.php | Строка:41 
============
[2019-01-08 21:42:11]Текст ошибки:
        Контроллер app\controllers\PagrController не найден | Файл: C:\OSPanel\domains\GoodMade.loc\vendor\goodmade\core\Router.php | Строка:41 
============
[2019-01-08 21:42:35]Текст ошибки:
        Контроллер app\controllers\PagrController не найден | Файл: C:\OSPanel\domains\GoodMade.loc\vendor\goodmade\core\Router.php | Строка:41 
============
[2019-01-08 21:44:04]Текст ошибки:
        Контроллер app\controllers\PagrController не найден | Файл: C:\OSPanel\domains\GoodMade.loc\vendor\goodmade\core\Router.php | Строка:41 
============
[2019-01-08 21:44:13]Текст ошибки:
        Контроллер app\controllers\PagrController не найден | Файл: C:\OSPanel\domains\GoodMade.loc\vendor\goodmade\core\Router.php | Строка:41 
============
[2019-01-08 22:09:44]Текст ошибки:
        Страница не найдена | Файл: C:\OSPanel\domains\GoodMade.loc\vendor\goodmade\core\Router.php | Строка:44 
============
[2019-01-08 22:11:12]Текст ошибки:
        Страница не найдена | Файл: C:\OSPanel\domains\GoodMade.loc\vendor\goodmade\core\Router.php | Строка:44 
============
[2019-01-08 22:11:22]Текст ошибки:
        Страница не найдена | Файл: C:\OSPanel\domains\GoodMade.loc\vendor\goodmade\core\Router.php | Строка:44 
============
[2019-01-08 22:11:26]Текст ошибки:
        Страница не найдена | Файл: C:\OSPanel\domains\GoodMade.loc\vendor\goodmade\core\Router.php | Строка:44 
============
[2019-01-08 22:11:28]Текст ошибки:
        Страница не найдена | Файл: C:\OSPanel\domains\GoodMade.loc\vendor\goodmade\core\Router.php | Строка:44 
============
[2019-01-08 22:11:36]Текст ошибки:
        Страница на найдена | Файл: C:\OSPanel\domains\GoodMade.loc\public\index.php | Строка:10 
============
[2019-01-08 22:11:37]Текст ошибки:
        Страница на найдена | Файл: C:\OSPanel\domains\GoodMade.loc\public\index.php | Строка:10 
============
[2019-01-08 22:12:35]Текст ошибки:
        Страница на найдена | Файл: C:\OSPanel\domains\GoodMade.loc\public\index.php | Строка:10 
============
[2019-01-08 22:13:15]Текст ошибки:
        Страница на найдена | Файл: C:\OSPanel\domains\GoodMade.loc\public\index.php | Строка:10 
============
[2019-01-08 22:15:46]Текст ошибки:
        Страница на найдена | Файл: C:\OSPanel\domains\GoodMade.loc\public\index.php | Строка:10 
============
[2019-01-08 22:15:48]Текст ошибки:
        Страница на найдена | Файл: C:\OSPanel\domains\GoodMade.loc\public\index.php | Строка:10 
============
[2019-01-08 22:15:53]Текст ошибки:
        Страница не найдена | Файл: C:\OSPanel\domains\GoodMade.loc\vendor\goodmade\core\Router.php | Строка:44 
============
[2019-01-08 22:16:10]Текст ошибки:
        Страница на найдена | Файл: C:\OSPanel\domains\GoodMade.loc\public\index.php | Строка:10 
============
[2019-01-08 22:16:15]Текст ошибки:
        Страница не найдена | Файл: C:\OSPanel\domains\GoodMade.loc\vendor\goodmade\core\Router.php | Строка:44 
============
[2019-01-08 22:24:59]Текст ошибки:
        Страница не найдена | Файл: C:\OSPanel\domains\GoodMade.loc\vendor\goodmade\core\Router.php | Строка:44 
============
[2019-01-08 22:25:46]Текст ошибки:
        Страница не найдена | Файл: C:\OSPanel\domains\GoodMade.loc\vendor\goodmade\core\Router.php | Строка:44 
============
[2019-01-08 22:26:16]Текст ошибки:
        Страница не найдена | Файл: C:\OSPanel\domains\GoodMade.loc\vendor\goodmade\core\Router.php | Строка:44 
============
[2019-01-08 22:26:17]Текст ошибки:
        Страница не найдена | Файл: C:\OSPanel\domains\GoodMade.loc\vendor\goodmade\core\Router.php | Строка:44 
============
[2019-01-08 22:38:53]Текст ошибки:
        Страница не найдена | Файл: C:\OSPanel\domains\GoodMade.loc\vendor\goodmade\core\Router.php | Строка:44 
============
[2019-01-08 22:38:57]Текст ошибки:
        Страница не найдена | Файл: C:\OSPanel\domains\GoodMade.loc\vendor\goodmade\core\Router.php | Строка:44 
============
[2019-01-08 22:40:59]Текст ошибки:
        Страница не найдена | Файл: C:\OSPanel\domains\GoodMade.loc\vendor\goodmade\core\Router.php | Строка:44 
============
[2019-01-08 22:41:07]Текст ошибки:
        Страница на найдена | Файл: C:\OSPanel\domains\GoodMade.loc\public\index.php | Строка:10 
============
[2019-01-08 22:41:10]Текст ошибки:
        Страница на найдена | Файл: C:\OSPanel\domains\GoodMade.loc\public\index.php | Строка:10 
============
[2019-01-08 22:41:21]Текст ошибки:
        Страница на найдена | Файл: C:\OSPanel\domains\GoodMade.loc\public\index.php | Строка:10 
============
[2019-01-08 22:41:25]Текст ошибки:
        Страница на найдена | Файл: C:\OSPanel\domains\GoodMade.loc\public\index.php | Строка:10 
============
[2019-01-08 22:41:49]Текст ошибки:
        Страница на найдена | Файл: C:\OSPanel\domains\GoodMade.loc\public\index.php | Строка:10 
============
[2019-01-08 22:41:52]Текст ошибки:
        Страница на найдена | Файл: C:\OSPanel\domains\GoodMade.loc\public\index.php | Строка:10 
============
[2019-01-08 22:41:53]Текст ошибки:
        Страница на найдена | Файл: C:\OSPanel\domains\GoodMade.loc\public\index.php | Строка:10 
============
[2019-01-08 22:41:54]Текст ошибки:
        Страница не найдена | Файл: C:\OSPanel\domains\GoodMade.loc\vendor\goodmade\core\Router.php | Строка:44 
============
[2019-01-08 22:41:55]Текст ошибки:
        Страница на найдена | Файл: C:\OSPanel\domains\GoodMade.loc\public\index.php | Строка:10 
============
[2019-01-08 22:42:35]Текст ошибки:
        Страница на найдена | Файл: C:\OSPanel\domains\GoodMade.loc\public\index.php | Строка:10 
============
[2019-01-08 22:43:09]Текст ошибки:
        Страница не найдена | Файл: C:\OSPanel\domains\GoodMade.loc\vendor\goodmade\core\Router.php | Строка:44 
============
[2019-01-09 18:19:37]Текст ошибки:
        Страница не найдена | Файл: C:\OSPanel\domains\GoodMade.loc\vendor\goodmade\core\Router.php | Строка:44 
============
[2019-01-19 12:44:28]Текст ошибки:
        Страница не найдена | Файл: C:\OSPanel\domains\GoodMade.loc\vendor\goodmade\core\Router.php | Строка:44 
============
[2019-01-19 12:44:46]Текст ошибки:
        Страница не найдена | Файл: C:\OSPanel\domains\GoodMade.loc\vendor\goodmade\core\Router.php | Строка:44 
============
[2019-01-19 15:15:42]Текст ошибки:
        Страница не найдена | Файл: C:\OSPanel\domains\GoodMade.loc\vendor\goodmade\core\Router.php | Строка:45 
============
[2019-01-19 17:43:32]Текст ошибки:
        Страница не найдена | Файл: C:\OSPanel\domains\GoodMade.loc\vendor\goodmade\core\Router.php | Строка:45 
============
